<?xml version="1.0" encoding="UTF-8"?>
<testsuite xmlns:xsi="http://www.w3.org/2001/XMLSchema-instance" xsi:noNamespaceSchemaLocation="https://maven.apache.org/surefire/maven-surefire-plugin/xsd/surefire-test-report-3.0.xsd" version="3.0" name="vikingar.usermanager.UserManagerAppliUserionTests" time="3.037" tests="1" errors="0" skipped="0" failures="0">
  <properties>
[...]
</properties>
  <testcase name="contextLoads" classname="vikingar.usermanager.UserManagerAppliUserionTests" time="0.767">
    <system-out><![CDATA[18:53:46.991 [main] INFO org.springframework.test.context.support.AnnotationConfigContextLoaderUtils -- Could not detect default configuration classes for test class [vikingar.usermanager.UserManagerAppliUserionTests]: UserManagerAppliUserionTests does not declare any static, non-private, non-final, nested classes annotated with @Configuration.
18:53:47.064 [main] INFO org.springframework.boot.test.context.SpringBootTestContextBootstrapper -- Found @SpringBootConfiguration vikingar.usermanager.UserManagerApplication for test class vikingar.usermanager.UserManagerAppliUserionTests

  .   ____          _            __ _ _
 /\\ / ___'_ __ _ _(_)_ __  __ _ \ \ \ \
( ( )\___ | '_ | '_| | '_ \/ _` | \ \ \ \
 \\/  ___)| |_)| | | | | || (_| |  ) ) ) )
  '  |____| .__|_| |_|_| |_\__, | / / / /
 =========|_|==============|___/=/_/_/_/
 :: Spring Boot ::                (v3.2.1)

2024-01-09T18:53:47.463+08:00  INFO 24876 --- [           main] v.u.UserManagerAppliUserionTests         : Starting UserManagerAppliUserionTests using Java 17.0.9 with PID 24876 (started by vikingar in E:\Dev\Java\Project\Practice\user-manager)
2024-01-09T18:53:47.464+08:00  INFO 24876 --- [           main] v.u.UserManagerAppliUserionTests         : No active profile set, falling back to 1 default profile: "default"
2024-01-09T18:53:48.706+08:00  INFO 24876 --- [           main] o.s.b.a.w.s.WelcomePageHandlerMapping    : Adding welcome page template: index
2024-01-09T18:53:49.110+08:00  INFO 24876 --- [           main] v.u.UserManagerAppliUserionTests         : Started UserManagerAppliUserionTests in 1.922 seconds (process running for 2.826)
]]></system-out>
  </testcase>
</testsuite>